2026-07-02 16:50:22.785 [info] [main] Log level: Info
2026-07-02 16:50:22.785 [info] [main] Validating found git in: "git"
2026-07-02 16:50:22.785 [info] [main] Using git "2.54.0" from "git"
2026-07-02 16:50:22.785 [info] [Model][doInitialScan] Initial repository scan started
2026-07-02 16:50:22.785 [info] > git rev-parse --show-toplevel [8ms]
2026-07-02 16:50:22.785 [info] > git rev-parse --git-dir --git-common-dir [7ms]
2026-07-02 16:50:22.785 [info] [Model][openRepository] Opened repository (path): /home/lexy/.config
2026-07-02 16:50:22.785 [info] [Model][openRepository] Opened repository (real path): /home/lexy/.config
2026-07-02 16:50:22.785 [info] [Model][doInitialScan] Initial repository scan completed - repositories (1), closed repositories (0), parent repositories (0), unsafe repositories (0)
2026-07-02 16:50:22.786 [info] > git config --get commit.template [2ms]
2026-07-02 16:50:22.792 [info] > git for-each-ref --format=%(refname)%00%(upstream:short)%00%(objectname)%00%(upstream:track)%00%(upstream:remotename)%00%(upstream:remoteref) refs/heads/main refs/remotes/main [2ms]
2026-07-02 16:50:22.803 [info] > git status -z -uall [5ms]
2026-07-02 16:50:22.806 [info] > git for-each-ref --sort -committerdate --format %(refname)%00%(objectname)%00%(*objectname) [4ms]
2026-07-02 16:50:22.832 [info] > git for-each-ref --format=%(refname)%00%(upstream:short)%00%(objectname)%00%(upstream:track)%00%(upstream:remotename)%00%(upstream:remoteref) refs/heads/main refs/remotes/main [6ms]
2026-07-02 16:50:22.839 [info] > git config --get --local branch.main.vscode-merge-base [2ms]
2026-07-02 16:50:22.839 [warning] [Git][config] git config failed: Failed to execute git
2026-07-02 16:50:22.843 [info] > git config --get commit.template [12ms]
2026-07-02 16:50:22.870 [info] > git reflog main --grep-reflog=branch: Created from *. [27ms]
2026-07-02 16:50:22.879 [info] > git symbolic-ref --short refs/remotes/origin/HEAD [5ms]
2026-07-02 16:50:22.880 [info] fatal: ref refs/remotes/origin/HEAD is not a symbolic ref
2026-07-02 16:50:22.880 [warning] [Repository][getDefaultBranch] Failed to get default branch details: Failed to execute git.
2026-07-02 16:50:22.885 [info] > git for-each-ref --format=%(refname)%00%(upstream:short)%00%(objectname)%00%(upstream:track)%00%(upstream:remotename)%00%(upstream:remoteref) refs/heads/main refs/remotes/main [16ms]
2026-07-02 16:50:22.886 [info] > git merge-base refs/heads/main refs/remotes/origin/main [2ms]
2026-07-02 16:50:22.893 [info] > git diff --name-status -z --diff-filter=ADMR d56e0651cc14d67ed96861015ef50b9084a68891...refs/remotes/origin/main [3ms]
2026-07-02 16:50:22.904 [info] > git status -z -uall [6ms]
2026-07-02 16:50:22.905 [info] > git for-each-ref --sort -committerdate --format %(refname)%00%(objectname)%00%(*objectname) [3ms]
2026-07-02 16:50:23.090 [info] > git show --textconv :Code - OSS/Themes/monochrome_theme/monochrome_theme.json [5ms]
2026-07-02 16:50:23.094 [info] > git ls-files --stage -- Code - OSS/Themes/monochrome_theme/monochrome_theme.json [4ms]
2026-07-02 16:50:23.099 [info] > git hash-object -t tree /dev/null [5ms]
2026-07-02 16:50:23.099 [warning] [GitFileSystemProvider][readFile] File not found - git:/home/lexy/.config/Code%20-%20OSS/Themes/monochrome_theme/monochrome_theme.json.git?%7B%22path%22%3A%22%2Fhome%2Flexy%2F.config%2FCode%20-%20OSS%2FThemes%2Fmonochrome_theme%2Fmonochrome_theme.json%22%2C%22ref%22%3A%22%22%7D
2026-07-02 16:50:23.100 [info] > git hash-object -t tree /dev/null [2ms]
2026-07-02 16:50:23.101 [warning] [GitFileSystemProvider][stat] File not found - git:/home/lexy/.config/Code%20-%20OSS/Themes/monochrome_theme/monochrome_theme.json.git?%7B%22path%22%3A%22%2Fhome%2Flexy%2F.config%2FCode%20-%20OSS%2FThemes%2Fmonochrome_theme%2Fmonochrome_theme.json%22%2C%22ref%22%3A%22%22%7D
2026-07-02 16:50:23.110 [info] > git blame --root --incremental 6c9b2d9a57cd16cb9c7466c071730b9503ef2184 -- Code - OSS/Themes/monochrome_theme/monochrome_theme.json [1ms]
2026-07-02 16:50:23.110 [info] fatal: no such path Code - OSS/Themes/monochrome_theme/monochrome_theme.json in 6c9b2d9a57cd16cb9c7466c071730b9503ef2184
2026-07-02 16:50:23.310 [info] > git check-ignore -v -z --stdin [1ms]
2026-07-02 16:50:39.593 [info] > git config --get commit.template [11ms]
2026-07-02 16:50:39.594 [info] > git for-each-ref --format=%(refname)%00%(upstream:short)%00%(objectname)%00%(upstream:track)%00%(upstream:remotename)%00%(upstream:remoteref) refs/heads/main refs/remotes/main [2ms]
2026-07-02 16:50:39.614 [info] > git status -z -uall [11ms]
2026-07-02 16:50:39.615 [info] > git for-each-ref --sort -committerdate --format %(refname)%00%(objectname)%00%(*objectname) [2ms]
2026-07-02 16:51:29.880 [info] > git config --get commit.template [9ms]
2026-07-02 16:51:29.881 [info] > git for-each-ref --format=%(refname)%00%(upstream:short)%00%(objectname)%00%(upstream:track)%00%(upstream:remotename)%00%(upstream:remoteref) refs/heads/main refs/remotes/main [2ms]
2026-07-02 16:51:29.898 [info] > git status -z -uall [10ms]
2026-07-02 16:51:29.900 [info] > git for-each-ref --sort -committerdate --format %(refname)%00%(objectname)%00%(*objectname) [3ms]
2026-07-02 16:51:34.926 [info] > git config --get commit.template [13ms]
2026-07-02 16:51:34.927 [info] > git for-each-ref --format=%(refname)%00%(upstream:short)%00%(objectname)%00%(upstream:track)%00%(upstream:remotename)%00%(upstream:remoteref) refs/heads/main refs/remotes/main [3ms]
2026-07-02 16:51:34.945 [info] > git status -z -uall [8ms]
2026-07-02 16:51:34.947 [info] > git for-each-ref --sort -committerdate --format %(refname)%00%(objectname)%00%(*objectname) [2ms]
2026-07-02 16:52:10.256 [info] > git config --get commit.template [11ms]
2026-07-02 16:52:10.258 [info] > git for-each-ref --format=%(refname)%00%(upstream:short)%00%(objectname)%00%(upstream:track)%00%(upstream:remotename)%00%(upstream:remoteref) refs/heads/main refs/remotes/main [3ms]
2026-07-02 16:52:10.271 [info] > git status -z -uall [6ms]
2026-07-02 16:52:10.272 [info] > git for-each-ref --sort -committerdate --format %(refname)%00%(objectname)%00%(*objectname) [1ms]
2026-07-02 16:52:15.310 [info] > git config --get commit.template [17ms]
2026-07-02 16:52:15.313 [info] > git for-each-ref --format=%(refname)%00%(upstream:short)%00%(objectname)%00%(upstream:track)%00%(upstream:remotename)%00%(upstream:remoteref) refs/heads/main refs/remotes/main [5ms]
2026-07-02 16:52:15.344 [info] > git status -z -uall [16ms]
2026-07-02 16:52:15.347 [info] > git for-each-ref --sort -committerdate --format %(refname)%00%(objectname)%00%(*objectname) [4ms]
2026-07-02 16:52:20.366 [info] > git config --get commit.template [5ms]
2026-07-02 16:52:20.367 [info] > git for-each-ref --format=%(refname)%00%(upstream:short)%00%(objectname)%00%(upstream:track)%00%(upstream:remotename)%00%(upstream:remoteref) refs/heads/main refs/remotes/main [1ms]
2026-07-02 16:52:20.380 [info] > git status -z -uall [7ms]
2026-07-02 16:52:20.381 [info] > git for-each-ref --sort -committerdate --format %(refname)%00%(objectname)%00%(*objectname) [2ms]
2026-07-02 16:53:00.537 [info] > git config --get commit.template [2ms]
2026-07-02 16:53:00.551 [info] > git for-each-ref --format=%(refname)%00%(upstream:short)%00%(objectname)%00%(upstream:track)%00%(upstream:remotename)%00%(upstream:remoteref) refs/heads/main refs/remotes/main [1ms]
2026-07-02 16:53:00.569 [info] > git status -z -uall [11ms]
2026-07-02 16:53:00.571 [info] > git for-each-ref --sort -committerdate --format %(refname)%00%(objectname)%00%(*objectname) [3ms]
2026-07-02 16:53:12.830 [info] > git config --get commit.template [14ms]
2026-07-02 16:53:12.831 [info] > git for-each-ref --format=%(refname)%00%(upstream:short)%00%(objectname)%00%(upstream:track)%00%(upstream:remotename)%00%(upstream:remoteref) refs/heads/main refs/remotes/main [5ms]
2026-07-02 16:53:12.848 [info] > git status -z -uall [10ms]
2026-07-02 16:53:12.849 [info] > git for-each-ref --sort -committerdate --format %(refname)%00%(objectname)%00%(*objectname) [2ms]
2026-07-02 16:53:17.862 [info] > git config --get commit.template [5ms]
2026-07-02 16:53:17.863 [info] > git for-each-ref --format=%(refname)%00%(upstream:short)%00%(objectname)%00%(upstream:track)%00%(upstream:remotename)%00%(upstream:remoteref) refs/heads/main refs/remotes/main [2ms]
2026-07-02 16:53:17.872 [info] > git status -z -uall [5ms]
2026-07-02 16:53:17.873 [info] > git for-each-ref --sort -committerdate --format %(refname)%00%(objectname)%00%(*objectname) [1ms]
2026-07-02 16:53:22.889 [info] > git config --get commit.template [5ms]
2026-07-02 16:53:22.890 [info] > git for-each-ref --format=%(refname)%00%(upstream:short)%00%(objectname)%00%(upstream:track)%00%(upstream:remotename)%00%(upstream:remoteref) refs/heads/main refs/remotes/main [1ms]
2026-07-02 16:53:22.902 [info] > git status -z -uall [6ms]
2026-07-02 16:53:22.903 [info] > git for-each-ref --sort -committerdate --format %(refname)%00%(objectname)%00%(*objectname) [2ms]
2026-07-02 16:53:31.850 [info] > git config --get commit.template [17ms]
2026-07-02 16:53:31.852 [info] > git for-each-ref --format=%(refname)%00%(upstream:short)%00%(objectname)%00%(upstream:track)%00%(upstream:remotename)%00%(upstream:remoteref) refs/heads/main refs/remotes/main [2ms]
2026-07-02 16:53:31.867 [info] > git status -z -uall [9ms]
2026-07-02 16:53:31.868 [info] > git for-each-ref --sort -committerdate --format %(refname)%00%(objectname)%00%(*objectname) [1ms]
2026-07-02 16:53:36.880 [info] > git config --get commit.template [4ms]
2026-07-02 16:53:36.881 [info] > git for-each-ref --format=%(refname)%00%(upstream:short)%00%(objectname)%00%(upstream:track)%00%(upstream:remotename)%00%(upstream:remoteref) refs/heads/main refs/remotes/main [2ms]
2026-07-02 16:53:36.893 [info] > git status -z -uall [5ms]
2026-07-02 16:53:36.894 [info] > git for-each-ref --sort -committerdate --format %(refname)%00%(objectname)%00%(*objectname) [1ms]
2026-07-02 16:53:43.848 [info] > git config --get commit.template [12ms]
2026-07-02 16:53:43.851 [info] > git for-each-ref --format=%(refname)%00%(upstream:short)%00%(objectname)%00%(upstream:track)%00%(upstream:remotename)%00%(upstream:remoteref) refs/heads/main refs/remotes/main [4ms]
2026-07-02 16:53:43.871 [info] > git status -z -uall [8ms]
2026-07-02 16:53:43.872 [info] > git for-each-ref --sort -committerdate --format %(refname)%00%(objectname)%00%(*objectname) [2ms]
2026-07-02 16:53:48.884 [info] > git config --get commit.template [5ms]
2026-07-02 16:53:48.884 [info] > git for-each-ref --format=%(refname)%00%(upstream:short)%00%(objectname)%00%(upstream:track)%00%(upstream:remotename)%00%(upstream:remoteref) refs/heads/main refs/remotes/main [1ms]
2026-07-02 16:53:48.894 [info] > git status -z -uall [5ms]
2026-07-02 16:53:48.895 [info] > git for-each-ref --sort -committerdate --format %(refname)%00%(objectname)%00%(*objectname) [2ms]
2026-07-02 16:53:53.932 [info] > git config --get commit.template [18ms]
2026-07-02 16:53:53.935 [info] > git for-each-ref --format=%(refname)%00%(upstream:short)%00%(objectname)%00%(upstream:track)%00%(upstream:remotename)%00%(upstream:remoteref) refs/heads/main refs/remotes/main [5ms]
2026-07-02 16:53:53.950 [info] > git status -z -uall [6ms]
2026-07-02 16:53:53.951 [info] > git for-each-ref --sort -committerdate --format %(refname)%00%(objectname)%00%(*objectname) [2ms]
2026-07-02 16:54:02.125 [info] > git config --get commit.template [10ms]
2026-07-02 16:54:02.126 [info] > git for-each-ref --format=%(refname)%00%(upstream:short)%00%(objectname)%00%(upstream:track)%00%(upstream:remotename)%00%(upstream:remoteref) refs/heads/main refs/remotes/main [2ms]
2026-07-02 16:54:02.141 [info] > git status -z -uall [8ms]
2026-07-02 16:54:02.142 [info] > git for-each-ref --sort -committerdate --format %(refname)%00%(objectname)%00%(*objectname) [2ms]
2026-07-02 16:54:07.155 [info] > git config --get commit.template [5ms]
2026-07-02 16:54:07.156 [info] > git for-each-ref --format=%(refname)%00%(upstream:short)%00%(objectname)%00%(upstream:track)%00%(upstream:remotename)%00%(upstream:remoteref) refs/heads/main refs/remotes/main [1ms]
2026-07-02 16:54:07.166 [info] > git status -z -uall [6ms]
2026-07-02 16:54:07.166 [info] > git for-each-ref --sort -committerdate --format %(refname)%00%(objectname)%00%(*objectname) [1ms]
2026-07-02 16:54:12.181 [info] > git config --get commit.template [5ms]
2026-07-02 16:54:12.182 [info] > git for-each-ref --format=%(refname)%00%(upstream:short)%00%(objectname)%00%(upstream:track)%00%(upstream:remotename)%00%(upstream:remoteref) refs/heads/main refs/remotes/main [2ms]
2026-07-02 16:54:12.192 [info] > git status -z -uall [5ms]
2026-07-02 16:54:12.193 [info] > git for-each-ref --sort -committerdate --format %(refname)%00%(objectname)%00%(*objectname) [1ms]
2026-07-02 16:54:18.426 [info] > git config --get commit.template [8ms]
2026-07-02 16:54:18.426 [info] > git for-each-ref --format=%(refname)%00%(upstream:short)%00%(objectname)%00%(upstream:track)%00%(upstream:remotename)%00%(upstream:remoteref) refs/heads/main refs/remotes/main [2ms]
2026-07-02 16:54:18.452 [info] > git status -z -uall [13ms]
2026-07-02 16:54:18.456 [info] > git for-each-ref --sort -committerdate --format %(refname)%00%(objectname)%00%(*objectname) [4ms]
