2026-07-02 16:35:35.798 [info] [main] Log level: Info
2026-07-02 16:35:35.798 [info] [main] Validating found git in: "git"
2026-07-02 16:35:35.798 [info] [main] Using git "2.54.0" from "git"
2026-07-02 16:35:35.798 [info] [Model][doInitialScan] Initial repository scan started
2026-07-02 16:35:35.798 [info] > git rev-parse --show-toplevel [182ms]
2026-07-02 16:35:35.798 [info] [Model][doInitialScan] Initial repository scan completed - repositories (0), closed repositories (0), parent repositories (1), unsafe repositories (0)
2026-07-02 16:35:42.760 [info] > git rev-parse --show-toplevel [1ms]
2026-07-02 16:35:42.767 [info] > git rev-parse --git-dir --git-common-dir [1ms]
2026-07-02 16:35:42.779 [info] [Model][openRepository] Opened repository (path): /home/lexy/.config
2026-07-02 16:35:42.779 [info] [Model][openRepository] Opened repository (real path): /home/lexy/.config
2026-07-02 16:35:42.788 [info] > git config --get commit.template [2ms]
2026-07-02 16:35:42.801 [info] > git for-each-ref --format=%(refname)%00%(upstream:short)%00%(objectname)%00%(upstream:track)%00%(upstream:remotename)%00%(upstream:remoteref) refs/heads/main refs/remotes/main [7ms]
2026-07-02 16:35:42.817 [info] > git status -z -uall [9ms]
2026-07-02 16:35:42.821 [info] > git for-each-ref --sort -committerdate --format %(refname)%00%(objectname)%00%(*objectname) [6ms]
2026-07-02 16:35:42.854 [info] > git for-each-ref --format=%(refname)%00%(upstream:short)%00%(objectname)%00%(upstream:track)%00%(upstream:remotename)%00%(upstream:remoteref) refs/heads/main refs/remotes/main [10ms]
2026-07-02 16:35:42.862 [info] > git config --get --local branch.main.vscode-merge-base [3ms]
2026-07-02 16:35:42.862 [warning] [Git][config] git config failed: Failed to execute git
2026-07-02 16:35:42.869 [info] > git config --get commit.template [16ms]
2026-07-02 16:35:42.903 [info] > git reflog main --grep-reflog=branch: Created from *. [35ms]
2026-07-02 16:35:42.916 [info] > git symbolic-ref --short refs/remotes/origin/HEAD [8ms]
2026-07-02 16:35:42.916 [info] fatal: ref refs/remotes/origin/HEAD is not a symbolic ref
2026-07-02 16:35:42.916 [warning] [Repository][getDefaultBranch] Failed to get default branch details: Failed to execute git.
2026-07-02 16:35:42.924 [info] > git for-each-ref --format=%(refname)%00%(upstream:short)%00%(objectname)%00%(upstream:track)%00%(upstream:remotename)%00%(upstream:remoteref) refs/heads/main refs/remotes/main [21ms]
2026-07-02 16:35:42.926 [info] > git merge-base refs/heads/main refs/remotes/origin/main [3ms]
2026-07-02 16:35:42.946 [info] > git status -z -uall [8ms]
2026-07-02 16:35:42.947 [info] > git diff --name-status -z --diff-filter=ADMR d56e0651cc14d67ed96861015ef50b9084a68891...refs/remotes/origin/main [15ms]
2026-07-02 16:35:42.949 [info] > git for-each-ref --sort -committerdate --format %(refname)%00%(objectname)%00%(*objectname) [4ms]
2026-07-02 16:35:43.136 [info] > git show --textconv :sway/config.d/bar.conf [7ms]
2026-07-02 16:35:43.137 [info] > git ls-files --stage -- sway/config.d/bar.conf [2ms]
2026-07-02 16:35:43.143 [info] > git cat-file -s 66ec85bae4cc32e00832643d8ad0eaab5feafdc7 [1ms]
2026-07-02 16:35:43.164 [info] > git blame --root --incremental 6c9b2d9a57cd16cb9c7466c071730b9503ef2184 -- sway/config.d/bar.conf [3ms]
2026-07-02 16:35:43.308 [info] > git check-ignore -v -z --stdin [1ms]
2026-07-02 16:35:45.918 [info] > git config --get commit.template [6ms]
2026-07-02 16:35:45.918 [info] > git for-each-ref --format=%(refname)%00%(upstream:short)%00%(objectname)%00%(upstream:track)%00%(upstream:remotename)%00%(upstream:remoteref) refs/heads/main refs/remotes/main [1ms]
2026-07-02 16:35:45.929 [info] > git status -z -uall [6ms]
2026-07-02 16:35:45.929 [info] > git for-each-ref --sort -committerdate --format %(refname)%00%(objectname)%00%(*objectname) [1ms]
2026-07-02 16:35:53.941 [info] > git config --get commit.template [6ms]
2026-07-02 16:35:53.942 [info] > git for-each-ref --format=%(refname)%00%(upstream:short)%00%(objectname)%00%(upstream:track)%00%(upstream:remotename)%00%(upstream:remoteref) refs/heads/main refs/remotes/main [2ms]
2026-07-02 16:35:53.951 [info] > git status -z -uall [4ms]
2026-07-02 16:35:53.952 [info] > git for-each-ref --sort -committerdate --format %(refname)%00%(objectname)%00%(*objectname) [1ms]
2026-07-02 16:36:06.042 [info] > git config --get commit.template [2ms]
2026-07-02 16:36:06.053 [info] > git for-each-ref --format=%(refname)%00%(upstream:short)%00%(objectname)%00%(upstream:track)%00%(upstream:remotename)%00%(upstream:remoteref) refs/heads/main refs/remotes/main [4ms]
2026-07-02 16:36:06.067 [info] > git status -z -uall [8ms]
2026-07-02 16:36:06.069 [info] > git for-each-ref --sort -committerdate --format %(refname)%00%(objectname)%00%(*objectname) [3ms]
2026-07-02 16:36:06.307 [info] > git show --textconv :Code - OSS/User/settings.json [6ms]
2026-07-02 16:36:06.317 [info] > git hash-object -t tree /dev/null [3ms]
2026-07-02 16:36:06.317 [warning] [GitFileSystemProvider][readFile] File not found - git:/home/lexy/.config/Code%20-%20OSS/User/settings.json.git?%7B%22path%22%3A%22%2Fhome%2Flexy%2F.config%2FCode%20-%20OSS%2FUser%2Fsettings.json%22%2C%22ref%22%3A%22%22%7D
2026-07-02 16:36:06.319 [info] > git ls-files --stage -- Code - OSS/User/settings.json [13ms]
2026-07-02 16:36:06.320 [warning] [GitFileSystemProvider][stat] File not found - git:/home/lexy/.config/Code%20-%20OSS/User/settings.json.git?%7B%22path%22%3A%22%2Fhome%2Flexy%2F.config%2FCode%20-%20OSS%2FUser%2Fsettings.json%22%2C%22ref%22%3A%22%22%7D
2026-07-02 16:36:06.539 [info] > git check-ignore -v -z --stdin [0ms]
2026-07-02 16:36:07.091 [info] > git blame --root --incremental 6c9b2d9a57cd16cb9c7466c071730b9503ef2184 -- Code - OSS/User/settings.json [2ms]
2026-07-02 16:36:07.091 [info] fatal: no such path Code - OSS/User/settings.json in 6c9b2d9a57cd16cb9c7466c071730b9503ef2184
2026-07-02 16:36:11.102 [info] > git config --get commit.template [14ms]
2026-07-02 16:36:11.103 [info] > git for-each-ref --format=%(refname)%00%(upstream:short)%00%(objectname)%00%(upstream:track)%00%(upstream:remotename)%00%(upstream:remoteref) refs/heads/main refs/remotes/main [1ms]
2026-07-02 16:36:11.113 [info] > git status -z -uall [5ms]
2026-07-02 16:36:11.114 [info] > git for-each-ref --sort -committerdate --format %(refname)%00%(objectname)%00%(*objectname) [1ms]
2026-07-02 16:36:17.686 [info] > git config --get commit.template [11ms]
2026-07-02 16:36:17.689 [info] > git for-each-ref --format=%(refname)%00%(upstream:short)%00%(objectname)%00%(upstream:track)%00%(upstream:remotename)%00%(upstream:remoteref) refs/heads/main refs/remotes/main [5ms]
2026-07-02 16:36:17.708 [info] > git status -z -uall [10ms]
2026-07-02 16:36:17.709 [info] > git for-each-ref --sort -committerdate --format %(refname)%00%(objectname)%00%(*objectname) [2ms]
2026-07-02 16:36:32.846 [info] > git config --get commit.template [11ms]
2026-07-02 16:36:32.848 [info] > git for-each-ref --format=%(refname)%00%(upstream:short)%00%(objectname)%00%(upstream:track)%00%(upstream:remotename)%00%(upstream:remoteref) refs/heads/main refs/remotes/main [3ms]
2026-07-02 16:36:32.866 [info] > git status -z -uall [9ms]
2026-07-02 16:36:32.867 [info] > git for-each-ref --sort -committerdate --format %(refname)%00%(objectname)%00%(*objectname) [2ms]
2026-07-02 16:36:37.906 [info] > git config --get commit.template [18ms]
2026-07-02 16:36:37.910 [info] > git for-each-ref --format=%(refname)%00%(upstream:short)%00%(objectname)%00%(upstream:track)%00%(upstream:remotename)%00%(upstream:remoteref) refs/heads/main refs/remotes/main [6ms]
2026-07-02 16:36:37.934 [info] > git status -z -uall [10ms]
2026-07-02 16:36:37.936 [info] > git for-each-ref --sort -committerdate --format %(refname)%00%(objectname)%00%(*objectname) [2ms]
2026-07-02 16:36:42.952 [info] > git config --get commit.template [8ms]
2026-07-02 16:36:42.953 [info] > git for-each-ref --format=%(refname)%00%(upstream:short)%00%(objectname)%00%(upstream:track)%00%(upstream:remotename)%00%(upstream:remoteref) refs/heads/main refs/remotes/main [2ms]
2026-07-02 16:36:42.963 [info] > git status -z -uall [5ms]
2026-07-02 16:36:42.965 [info] > git for-each-ref --sort -committerdate --format %(refname)%00%(objectname)%00%(*objectname) [2ms]
2026-07-02 16:36:43.675 [info] > git show --textconv :sway/config.d/bar.conf [8ms]
2026-07-02 16:36:43.675 [info] > git ls-files --stage -- sway/config.d/bar.conf [1ms]
2026-07-02 16:36:43.682 [info] > git cat-file -s 66ec85bae4cc32e00832643d8ad0eaab5feafdc7 [1ms]
2026-07-02 16:37:01.280 [info] > git config --get commit.template [2ms]
2026-07-02 16:37:01.303 [info] > git for-each-ref --format=%(refname)%00%(upstream:short)%00%(objectname)%00%(upstream:track)%00%(upstream:remotename)%00%(upstream:remoteref) refs/heads/main refs/remotes/main [16ms]
2026-07-02 16:37:01.316 [info] > git status -z -uall [7ms]
2026-07-02 16:37:01.317 [info] > git for-each-ref --sort -committerdate --format %(refname)%00%(objectname)%00%(*objectname) [2ms]
2026-07-02 16:37:01.512 [info] > git show --textconv :Code - OSS/themes/monochrome_theme/package.json [7ms]
2026-07-02 16:37:01.513 [warning] [GitFileSystemProvider][readFile] File not found - git:/home/lexy/.config/Code%20-%20OSS/themes/monochrome_theme/package.json.git?%7B%22path%22%3A%22%2Fhome%2Flexy%2F.config%2FCode%20-%20OSS%2Fthemes%2Fmonochrome_theme%2Fpackage.json%22%2C%22ref%22%3A%22%22%7D
2026-07-02 16:37:01.514 [info] > git ls-files --stage -- Code - OSS/themes/monochrome_theme/package.json [2ms]
2026-07-02 16:37:01.514 [warning] [GitFileSystemProvider][stat] File not found - git:/home/lexy/.config/Code%20-%20OSS/themes/monochrome_theme/package.json.git?%7B%22path%22%3A%22%2Fhome%2Flexy%2F.config%2FCode%20-%20OSS%2Fthemes%2Fmonochrome_theme%2Fpackage.json%22%2C%22ref%22%3A%22%22%7D
2026-07-02 16:37:01.777 [info] > git check-ignore -v -z --stdin [1ms]
2026-07-02 16:37:02.616 [info] > git blame --root --incremental 6c9b2d9a57cd16cb9c7466c071730b9503ef2184 -- Code - OSS/themes/monochrome_theme/package.json [1ms]
2026-07-02 16:37:02.617 [info] fatal: no such path Code - OSS/themes/monochrome_theme/package.json in 6c9b2d9a57cd16cb9c7466c071730b9503ef2184
2026-07-02 16:37:06.343 [info] > git config --get commit.template [5ms]
2026-07-02 16:37:06.362 [info] > git for-each-ref --format=%(refname)%00%(upstream:short)%00%(objectname)%00%(upstream:track)%00%(upstream:remotename)%00%(upstream:remoteref) refs/heads/main refs/remotes/main [5ms]
2026-07-02 16:37:06.396 [info] > git status -z -uall [18ms]
2026-07-02 16:37:06.399 [info] > git for-each-ref --sort -committerdate --format %(refname)%00%(objectname)%00%(*objectname) [5ms]
2026-07-02 16:37:56.947 [info] > git config --get commit.template [14ms]
2026-07-02 16:37:56.948 [info] > git for-each-ref --format=%(refname)%00%(upstream:short)%00%(objectname)%00%(upstream:track)%00%(upstream:remotename)%00%(upstream:remoteref) refs/heads/main refs/remotes/main [3ms]
2026-07-02 16:37:56.962 [info] > git status -z -uall [6ms]
2026-07-02 16:37:56.963 [info] > git for-each-ref --sort -committerdate --format %(refname)%00%(objectname)%00%(*objectname) [1ms]
2026-07-02 16:37:58.283 [info] > git show --textconv :sway/config.d/bar.conf [20ms]
2026-07-02 16:37:58.285 [info] > git ls-files --stage -- sway/config.d/bar.conf [3ms]
2026-07-02 16:37:58.297 [info] > git cat-file -s 66ec85bae4cc32e00832643d8ad0eaab5feafdc7 [2ms]
2026-07-02 16:38:06.406 [info] > git config --get commit.template [8ms]
2026-07-02 16:38:06.407 [info] > git for-each-ref --format=%(refname)%00%(upstream:short)%00%(objectname)%00%(upstream:track)%00%(upstream:remotename)%00%(upstream:remoteref) refs/heads/main refs/remotes/main [2ms]
2026-07-02 16:38:06.420 [info] > git status -z -uall [6ms]
2026-07-02 16:38:06.421 [info] > git for-each-ref --sort -committerdate --format %(refname)%00%(objectname)%00%(*objectname) [1ms]
2026-07-02 16:38:12.487 [info] > git config --get commit.template [12ms]
2026-07-02 16:38:12.488 [info] > git for-each-ref --format=%(refname)%00%(upstream:short)%00%(objectname)%00%(upstream:track)%00%(upstream:remotename)%00%(upstream:remoteref) refs/heads/main refs/remotes/main [2ms]
2026-07-02 16:38:12.511 [info] > git status -z -uall [13ms]
2026-07-02 16:38:12.513 [info] > git for-each-ref --sort -committerdate --format %(refname)%00%(objectname)%00%(*objectname) [3ms]
2026-07-02 16:38:21.010 [info] > git config --get commit.template [11ms]
2026-07-02 16:38:21.011 [info] > git for-each-ref --format=%(refname)%00%(upstream:short)%00%(objectname)%00%(upstream:track)%00%(upstream:remotename)%00%(upstream:remoteref) refs/heads/main refs/remotes/main [3ms]
2026-07-02 16:38:21.027 [info] > git status -z -uall [9ms]
2026-07-02 16:38:21.028 [info] > git for-each-ref --sort -committerdate --format %(refname)%00%(objectname)%00%(*objectname) [2ms]
2026-07-02 16:38:21.218 [info] > git show --textconv :Code - OSS/themes/monochrome_theme/README.txt [6ms]
2026-07-02 16:38:21.219 [warning] [GitFileSystemProvider][readFile] File not found - git:/home/lexy/.config/Code%20-%20OSS/themes/monochrome_theme/README.txt.git?%7B%22path%22%3A%22%2Fhome%2Flexy%2F.config%2FCode%20-%20OSS%2Fthemes%2Fmonochrome_theme%2FREADME.txt%22%2C%22ref%22%3A%22%22%7D
2026-07-02 16:38:21.220 [info] > git ls-files --stage -- Code - OSS/themes/monochrome_theme/README.txt [3ms]
2026-07-02 16:38:21.220 [warning] [GitFileSystemProvider][stat] File not found - git:/home/lexy/.config/Code%20-%20OSS/themes/monochrome_theme/README.txt.git?%7B%22path%22%3A%22%2Fhome%2Flexy%2F.config%2FCode%20-%20OSS%2Fthemes%2Fmonochrome_theme%2FREADME.txt%22%2C%22ref%22%3A%22%22%7D
2026-07-02 16:38:21.497 [info] > git check-ignore -v -z --stdin [1ms]
2026-07-02 16:38:22.173 [info] > git blame --root --incremental 6c9b2d9a57cd16cb9c7466c071730b9503ef2184 -- Code - OSS/themes/monochrome_theme/README.txt [2ms]
2026-07-02 16:38:22.173 [info] fatal: no such path Code - OSS/themes/monochrome_theme/README.txt in 6c9b2d9a57cd16cb9c7466c071730b9503ef2184
2026-07-02 16:40:01.425 [info] > git config --get commit.template [5ms]
2026-07-02 16:40:01.443 [info] > git for-each-ref --format=%(refname)%00%(upstream:short)%00%(objectname)%00%(upstream:track)%00%(upstream:remotename)%00%(upstream:remoteref) refs/heads/main refs/remotes/main [3ms]
2026-07-02 16:40:01.466 [info] > git status -z -uall [11ms]
2026-07-02 16:40:01.468 [info] > git for-each-ref --sort -committerdate --format %(refname)%00%(objectname)%00%(*objectname) [3ms]
2026-07-02 16:40:02.788 [info] > git show --textconv :sway/config.d/bar.conf [7ms]
2026-07-02 16:40:02.789 [info] > git ls-files --stage -- sway/config.d/bar.conf [2ms]
2026-07-02 16:40:02.795 [info] > git cat-file -s 66ec85bae4cc32e00832643d8ad0eaab5feafdc7 [1ms]
2026-07-02 16:40:09.511 [info] > git config --get commit.template [7ms]
2026-07-02 16:40:09.514 [info] > git for-each-ref --format=%(refname)%00%(upstream:short)%00%(objectname)%00%(upstream:track)%00%(upstream:remotename)%00%(upstream:remoteref) refs/heads/main refs/remotes/main [4ms]
2026-07-02 16:40:09.531 [info] > git status -z -uall [8ms]
2026-07-02 16:40:09.532 [info] > git for-each-ref --sort -committerdate --format %(refname)%00%(objectname)%00%(*objectname) [2ms]
2026-07-02 16:40:09.719 [info] > git show --textconv :Code - OSS/Themes/README.txt [8ms]
2026-07-02 16:40:09.720 [warning] [GitFileSystemProvider][readFile] File not found - git:/home/lexy/.config/Code%20-%20OSS/Themes/README.txt.git?%7B%22path%22%3A%22%2Fhome%2Flexy%2F.config%2FCode%20-%20OSS%2FThemes%2FREADME.txt%22%2C%22ref%22%3A%22%22%7D
2026-07-02 16:40:09.720 [info] > git ls-files --stage -- Code - OSS/Themes/README.txt [2ms]
2026-07-02 16:40:09.721 [warning] [GitFileSystemProvider][stat] File not found - git:/home/lexy/.config/Code%20-%20OSS/Themes/README.txt.git?%7B%22path%22%3A%22%2Fhome%2Flexy%2F.config%2FCode%20-%20OSS%2FThemes%2FREADME.txt%22%2C%22ref%22%3A%22%22%7D
2026-07-02 16:40:09.992 [info] > git check-ignore -v -z --stdin [1ms]
2026-07-02 16:40:12.849 [info] > git show --textconv :Code - OSS/Themes/package.json [7ms]
2026-07-02 16:40:12.850 [warning] [GitFileSystemProvider][readFile] File not found - git:/home/lexy/.config/Code%20-%20OSS/Themes/package.json.git?%7B%22path%22%3A%22%2Fhome%2Flexy%2F.config%2FCode%20-%20OSS%2FThemes%2Fpackage.json%22%2C%22ref%22%3A%22%22%7D
2026-07-02 16:40:12.850 [info] > git ls-files --stage -- Code - OSS/Themes/package.json [2ms]
2026-07-02 16:40:12.851 [warning] [GitFileSystemProvider][stat] File not found - git:/home/lexy/.config/Code%20-%20OSS/Themes/package.json.git?%7B%22path%22%3A%22%2Fhome%2Flexy%2F.config%2FCode%20-%20OSS%2FThemes%2Fpackage.json%22%2C%22ref%22%3A%22%22%7D
2026-07-02 16:40:13.140 [info] > git check-ignore -v -z --stdin [4ms]
2026-07-02 16:40:14.481 [info] > git blame --root --incremental 6c9b2d9a57cd16cb9c7466c071730b9503ef2184 -- Code - OSS/Themes/package.json [1ms]
2026-07-02 16:40:14.481 [info] fatal: no such path Code - OSS/Themes/package.json in 6c9b2d9a57cd16cb9c7466c071730b9503ef2184
2026-07-02 16:40:14.549 [info] > git config --get commit.template [5ms]
2026-07-02 16:40:14.549 [info] > git for-each-ref --format=%(refname)%00%(upstream:short)%00%(objectname)%00%(upstream:track)%00%(upstream:remotename)%00%(upstream:remoteref) refs/heads/main refs/remotes/main [1ms]
2026-07-02 16:40:14.559 [info] > git status -z -uall [5ms]
2026-07-02 16:40:14.560 [info] > git for-each-ref --sort -committerdate --format %(refname)%00%(objectname)%00%(*objectname) [2ms]
2026-07-02 16:40:19.571 [info] > git config --get commit.template [5ms]
2026-07-02 16:40:19.572 [info] > git for-each-ref --format=%(refname)%00%(upstream:short)%00%(objectname)%00%(upstream:track)%00%(upstream:remotename)%00%(upstream:remoteref) refs/heads/main refs/remotes/main [1ms]
2026-07-02 16:40:19.583 [info] > git status -z -uall [7ms]
2026-07-02 16:40:19.584 [info] > git for-each-ref --sort -committerdate --format %(refname)%00%(objectname)%00%(*objectname) [2ms]
2026-07-02 16:40:23.879 [info] > git show --textconv :Code - OSS/Themes/README.txt [6ms]
2026-07-02 16:40:23.880 [warning] [GitFileSystemProvider][readFile] File not found - git:/home/lexy/.config/Code%20-%20OSS/Themes/README.txt.git?%7B%22path%22%3A%22%2Fhome%2Flexy%2F.config%2FCode%20-%20OSS%2FThemes%2FREADME.txt%22%2C%22ref%22%3A%22%22%7D
2026-07-02 16:40:23.880 [info] > git ls-files --stage -- Code - OSS/Themes/README.txt [1ms]
2026-07-02 16:40:23.881 [warning] [GitFileSystemProvider][stat] File not found - git:/home/lexy/.config/Code%20-%20OSS/Themes/README.txt.git?%7B%22path%22%3A%22%2Fhome%2Flexy%2F.config%2FCode%20-%20OSS%2FThemes%2FREADME.txt%22%2C%22ref%22%3A%22%22%7D
2026-07-02 16:40:24.787 [info] > git blame --root --incremental 6c9b2d9a57cd16cb9c7466c071730b9503ef2184 -- Code - OSS/Themes/README.txt [2ms]
2026-07-02 16:40:24.787 [info] fatal: no such path Code - OSS/Themes/README.txt in 6c9b2d9a57cd16cb9c7466c071730b9503ef2184
2026-07-02 16:40:24.959 [info] > git config --get commit.template [1ms]
2026-07-02 16:40:24.965 [info] > git for-each-ref --format=%(refname)%00%(upstream:short)%00%(objectname)%00%(upstream:track)%00%(upstream:remotename)%00%(upstream:remoteref) refs/heads/main refs/remotes/main [1ms]
2026-07-02 16:40:24.975 [info] > git status -z -uall [5ms]
2026-07-02 16:40:24.976 [info] > git for-each-ref --sort -committerdate --format %(refname)%00%(objectname)%00%(*objectname) [1ms]
2026-07-02 16:40:33.416 [info] > git config --get commit.template [11ms]
2026-07-02 16:40:33.419 [info] > git for-each-ref --format=%(refname)%00%(upstream:short)%00%(objectname)%00%(upstream:track)%00%(upstream:remotename)%00%(upstream:remoteref) refs/heads/main refs/remotes/main [4ms]
2026-07-02 16:40:33.448 [info] > git status -z -uall [15ms]
2026-07-02 16:40:33.451 [info] > git for-each-ref --sort -committerdate --format %(refname)%00%(objectname)%00%(*objectname) [4ms]
2026-07-02 16:40:38.470 [info] > git config --get commit.template [6ms]
2026-07-02 16:40:38.471 [info] > git for-each-ref --format=%(refname)%00%(upstream:short)%00%(objectname)%00%(upstream:track)%00%(upstream:remotename)%00%(upstream:remoteref) refs/heads/main refs/remotes/main [1ms]
2026-07-02 16:40:38.485 [info] > git status -z -uall [7ms]
2026-07-02 16:40:38.487 [info] > git for-each-ref --sort -committerdate --format %(refname)%00%(objectname)%00%(*objectname) [2ms]
2026-07-02 16:40:43.505 [info] > git config --get commit.template [6ms]
2026-07-02 16:40:43.506 [info] > git for-each-ref --format=%(refname)%00%(upstream:short)%00%(objectname)%00%(upstream:track)%00%(upstream:remotename)%00%(upstream:remoteref) refs/heads/main refs/remotes/main [2ms]
2026-07-02 16:40:43.518 [info] > git status -z -uall [6ms]
2026-07-02 16:40:43.519 [info] > git for-each-ref --sort -committerdate --format %(refname)%00%(objectname)%00%(*objectname) [1ms]
2026-07-02 16:40:48.537 [info] > git config --get commit.template [6ms]
2026-07-02 16:40:48.538 [info] > git for-each-ref --format=%(refname)%00%(upstream:short)%00%(objectname)%00%(upstream:track)%00%(upstream:remotename)%00%(upstream:remoteref) refs/heads/main refs/remotes/main [2ms]
2026-07-02 16:40:48.551 [info] > git status -z -uall [7ms]
2026-07-02 16:40:48.552 [info] > git for-each-ref --sort -committerdate --format %(refname)%00%(objectname)%00%(*objectname) [2ms]
2026-07-02 16:40:53.570 [info] > git config --get commit.template [6ms]
2026-07-02 16:40:53.571 [info] > git for-each-ref --format=%(refname)%00%(upstream:short)%00%(objectname)%00%(upstream:track)%00%(upstream:remotename)%00%(upstream:remoteref) refs/heads/main refs/remotes/main [2ms]
2026-07-02 16:40:53.583 [info] > git status -z -uall [6ms]
2026-07-02 16:40:53.585 [info] > git for-each-ref --sort -committerdate --format %(refname)%00%(objectname)%00%(*objectname) [2ms]
2026-07-02 16:41:04.224 [info] > git config --get commit.template [6ms]
2026-07-02 16:41:04.226 [info] > git for-each-ref --format=%(refname)%00%(upstream:short)%00%(objectname)%00%(upstream:track)%00%(upstream:remotename)%00%(upstream:remoteref) refs/heads/main refs/remotes/main [2ms]
2026-07-02 16:41:04.239 [info] > git status -z -uall [6ms]
2026-07-02 16:41:04.240 [info] > git for-each-ref --sort -committerdate --format %(refname)%00%(objectname)%00%(*objectname) [1ms]
2026-07-02 16:41:21.825 [info] > git config --get commit.template [2ms]
2026-07-02 16:41:21.831 [info] > git for-each-ref --format=%(refname)%00%(upstream:short)%00%(objectname)%00%(upstream:track)%00%(upstream:remotename)%00%(upstream:remoteref) refs/heads/main refs/remotes/main [1ms]
2026-07-02 16:41:21.843 [info] > git status -z -uall [6ms]
2026-07-02 16:41:21.844 [info] > git for-each-ref --sort -committerdate --format %(refname)%00%(objectname)%00%(*objectname) [2ms]
2026-07-02 16:41:29.861 [info] > git config --get commit.template [5ms]
2026-07-02 16:41:29.862 [info] > git for-each-ref --format=%(refname)%00%(upstream:short)%00%(objectname)%00%(upstream:track)%00%(upstream:remotename)%00%(upstream:remoteref) refs/heads/main refs/remotes/main [2ms]
2026-07-02 16:41:29.874 [info] > git status -z -uall [6ms]
2026-07-02 16:41:29.875 [info] > git for-each-ref --sort -committerdate --format %(refname)%00%(objectname)%00%(*objectname) [2ms]
2026-07-02 16:41:37.520 [info] > git config --get commit.template [9ms]
2026-07-02 16:41:37.520 [info] > git for-each-ref --format=%(refname)%00%(upstream:short)%00%(objectname)%00%(upstream:track)%00%(upstream:remotename)%00%(upstream:remoteref) refs/heads/main refs/remotes/main [1ms]
2026-07-02 16:41:37.538 [info] > git status -z -uall [8ms]
2026-07-02 16:41:37.539 [info] > git for-each-ref --sort -committerdate --format %(refname)%00%(objectname)%00%(*objectname) [1ms]
2026-07-02 16:42:31.032 [info] > git config --get commit.template [9ms]
2026-07-02 16:42:31.033 [info] > git for-each-ref --format=%(refname)%00%(upstream:short)%00%(objectname)%00%(upstream:track)%00%(upstream:remotename)%00%(upstream:remoteref) refs/heads/main refs/remotes/main [2ms]
2026-07-02 16:42:31.046 [info] > git status -z -uall [7ms]
2026-07-02 16:42:31.047 [info] > git for-each-ref --sort -committerdate --format %(refname)%00%(objectname)%00%(*objectname) [2ms]
2026-07-02 16:43:41.135 [info] > git config --get commit.template [9ms]
2026-07-02 16:43:41.136 [info] > git for-each-ref --format=%(refname)%00%(upstream:short)%00%(objectname)%00%(upstream:track)%00%(upstream:remotename)%00%(upstream:remoteref) refs/heads/main refs/remotes/main [2ms]
2026-07-02 16:43:41.164 [info] > git status -z -uall [5ms]
2026-07-02 16:43:41.165 [info] > git for-each-ref --sort -committerdate --format %(refname)%00%(objectname)%00%(*objectname) [1ms]
