2026-07-02 16:49:50.587 [info] [main] Log level: Info
2026-07-02 16:49:50.587 [info] [main] Validating found git in: "git"
2026-07-02 16:49:50.587 [info] [main] Using git "2.54.0" from "git"
2026-07-02 16:49:50.587 [info] [Model][doInitialScan] Initial repository scan started
2026-07-02 16:49:50.587 [info] > git rev-parse --show-toplevel [5ms]
2026-07-02 16:49:50.587 [info] > git rev-parse --git-dir --git-common-dir [3ms]
2026-07-02 16:49:50.587 [info] [Model][openRepository] Opened repository (path): /home/lexy/.config
2026-07-02 16:49:50.587 [info] [Model][openRepository] Opened repository (real path): /home/lexy/.config
2026-07-02 16:49:50.587 [info] [Model][doInitialScan] Initial repository scan completed - repositories (1), closed repositories (0), parent repositories (0), unsafe repositories (0)
2026-07-02 16:49:50.589 [info] > git config --get commit.template [15ms]
2026-07-02 16:49:50.598 [info] > git for-each-ref --format=%(refname)%00%(upstream:short)%00%(objectname)%00%(upstream:track)%00%(upstream:remotename)%00%(upstream:remoteref) refs/heads/main refs/remotes/main [1ms]
2026-07-02 16:49:50.612 [info] > git status -z -uall [8ms]
2026-07-02 16:49:50.613 [info] > git for-each-ref --sort -committerdate --format %(refname)%00%(objectname)%00%(*objectname) [2ms]
2026-07-02 16:49:50.652 [info] > git for-each-ref --format=%(refname)%00%(upstream:short)%00%(objectname)%00%(upstream:track)%00%(upstream:remotename)%00%(upstream:remoteref) refs/heads/main refs/remotes/main [13ms]
2026-07-02 16:49:50.661 [info] > git config --get --local branch.main.vscode-merge-base [4ms]
2026-07-02 16:49:50.661 [warning] [Git][config] git config failed: Failed to execute git
2026-07-02 16:49:50.667 [info] > git config --get commit.template [15ms]
2026-07-02 16:49:50.699 [info] > git reflog main --grep-reflog=branch: Created from *. [33ms]
2026-07-02 16:49:50.707 [info] > git symbolic-ref --short refs/remotes/origin/HEAD [4ms]
2026-07-02 16:49:50.707 [info] fatal: ref refs/remotes/origin/HEAD is not a symbolic ref
2026-07-02 16:49:50.707 [warning] [Repository][getDefaultBranch] Failed to get default branch details: Failed to execute git.
2026-07-02 16:49:50.714 [info] > git for-each-ref --format=%(refname)%00%(upstream:short)%00%(objectname)%00%(upstream:track)%00%(upstream:remotename)%00%(upstream:remoteref) refs/heads/main refs/remotes/main [17ms]
2026-07-02 16:49:50.715 [info] > git merge-base refs/heads/main refs/remotes/origin/main [2ms]
2026-07-02 16:49:50.722 [info] > git diff --name-status -z --diff-filter=ADMR d56e0651cc14d67ed96861015ef50b9084a68891...refs/remotes/origin/main [3ms]
2026-07-02 16:49:50.735 [info] > git status -z -uall [6ms]
2026-07-02 16:49:50.736 [info] > git for-each-ref --sort -committerdate --format %(refname)%00%(objectname)%00%(*objectname) [3ms]
2026-07-02 16:49:50.861 [info] > git show --textconv :Code - OSS/Themes/monochrome_theme/monochrome_theme.json [7ms]
2026-07-02 16:49:50.867 [info] > git ls-files --stage -- Code - OSS/Themes/monochrome_theme/monochrome_theme.json [7ms]
2026-07-02 16:49:50.874 [info] > git hash-object -t tree /dev/null [7ms]
2026-07-02 16:49:50.874 [warning] [GitFileSystemProvider][readFile] File not found - git:/home/lexy/.config/Code%20-%20OSS/Themes/monochrome_theme/monochrome_theme.json.git?%7B%22path%22%3A%22%2Fhome%2Flexy%2F.config%2FCode%20-%20OSS%2FThemes%2Fmonochrome_theme%2Fmonochrome_theme.json%22%2C%22ref%22%3A%22%22%7D
2026-07-02 16:49:50.877 [info] > git hash-object -t tree /dev/null [3ms]
2026-07-02 16:49:50.877 [warning] [GitFileSystemProvider][stat] File not found - git:/home/lexy/.config/Code%20-%20OSS/Themes/monochrome_theme/monochrome_theme.json.git?%7B%22path%22%3A%22%2Fhome%2Flexy%2F.config%2FCode%20-%20OSS%2FThemes%2Fmonochrome_theme%2Fmonochrome_theme.json%22%2C%22ref%22%3A%22%22%7D
2026-07-02 16:49:50.889 [info] > git blame --root --incremental 6c9b2d9a57cd16cb9c7466c071730b9503ef2184 -- Code - OSS/Themes/monochrome_theme/monochrome_theme.json [2ms]
2026-07-02 16:49:50.889 [info] fatal: no such path Code - OSS/Themes/monochrome_theme/monochrome_theme.json in 6c9b2d9a57cd16cb9c7466c071730b9503ef2184
2026-07-02 16:49:51.077 [info] > git check-ignore -v -z --stdin [2ms]
2026-07-02 16:50:05.061 [info] > git config --get commit.template [9ms]
2026-07-02 16:50:05.062 [info] > git for-each-ref --format=%(refname)%00%(upstream:short)%00%(objectname)%00%(upstream:track)%00%(upstream:remotename)%00%(upstream:remoteref) refs/heads/main refs/remotes/main [2ms]
2026-07-02 16:50:05.077 [info] > git status -z -uall [7ms]
2026-07-02 16:50:05.078 [info] > git for-each-ref --sort -committerdate --format %(refname)%00%(objectname)%00%(*objectname) [2ms]
2026-07-02 16:50:12.719 [info] > git config --get commit.template [2ms]
2026-07-02 16:50:12.730 [info] > git for-each-ref --format=%(refname)%00%(upstream:short)%00%(objectname)%00%(upstream:track)%00%(upstream:remotename)%00%(upstream:remoteref) refs/heads/main refs/remotes/main [4ms]
2026-07-02 16:50:12.745 [info] > git status -z -uall [8ms]
2026-07-02 16:50:12.746 [info] > git for-each-ref --sort -committerdate --format %(refname)%00%(objectname)%00%(*objectname) [2ms]
2026-07-02 16:50:12.965 [info] > git show --textconv :Code - OSS/User/settings.json [6ms]
2026-07-02 16:50:12.966 [warning] [GitFileSystemProvider][readFile] File not found - git:/home/lexy/.config/Code%20-%20OSS/User/settings.json.git?%7B%22path%22%3A%22%2Fhome%2Flexy%2F.config%2FCode%20-%20OSS%2FUser%2Fsettings.json%22%2C%22ref%22%3A%22%22%7D
2026-07-02 16:50:12.966 [info] > git ls-files --stage -- Code - OSS/User/settings.json [1ms]
2026-07-02 16:50:12.967 [warning] [GitFileSystemProvider][stat] File not found - git:/home/lexy/.config/Code%20-%20OSS/User/settings.json.git?%7B%22path%22%3A%22%2Fhome%2Flexy%2F.config%2FCode%20-%20OSS%2FUser%2Fsettings.json%22%2C%22ref%22%3A%22%22%7D
2026-07-02 16:50:12.981 [info] > git blame --root --incremental 6c9b2d9a57cd16cb9c7466c071730b9503ef2184 -- Code - OSS/User/settings.json [2ms]
2026-07-02 16:50:12.981 [info] fatal: no such path Code - OSS/User/settings.json in 6c9b2d9a57cd16cb9c7466c071730b9503ef2184
2026-07-02 16:50:13.216 [info] > git check-ignore -v -z --stdin [1ms]
