2026-07-02 16:54:24.133 [info] [main] Log level: Info
2026-07-02 16:54:24.133 [info] [main] Validating found git in: "git"
2026-07-02 16:54:24.133 [info] [main] Using git "2.54.0" from "git"
2026-07-02 16:54:24.133 [info] [Model][doInitialScan] Initial repository scan started
2026-07-02 16:54:24.133 [info] > git rev-parse --show-toplevel [8ms]
2026-07-02 16:54:24.133 [info] > git rev-parse --git-dir --git-common-dir [28ms]
2026-07-02 16:54:24.133 [info] [Model][openRepository] Opened repository (path): /home/lexy/.config
2026-07-02 16:54:24.133 [info] [Model][openRepository] Opened repository (real path): /home/lexy/.config
2026-07-02 16:54:24.133 [info] [Model][doInitialScan] Initial repository scan completed - repositories (1), closed repositories (0), parent repositories (0), unsafe repositories (0)
2026-07-02 16:54:24.134 [info] > git config --get commit.template [5ms]
2026-07-02 16:54:24.143 [info] > git for-each-ref --format=%(refname)%00%(upstream:short)%00%(objectname)%00%(upstream:track)%00%(upstream:remotename)%00%(upstream:remoteref) refs/heads/main refs/remotes/main [3ms]
2026-07-02 16:54:24.159 [info] > git status -z -uall [9ms]
2026-07-02 16:54:24.160 [info] > git for-each-ref --sort -committerdate --format %(refname)%00%(objectname)%00%(*objectname) [2ms]
2026-07-02 16:54:24.191 [info] > git for-each-ref --format=%(refname)%00%(upstream:short)%00%(objectname)%00%(upstream:track)%00%(upstream:remotename)%00%(upstream:remoteref) refs/heads/main refs/remotes/main [9ms]
2026-07-02 16:54:24.198 [info] > git config --get --local branch.main.vscode-merge-base [2ms]
2026-07-02 16:54:24.198 [warning] [Git][config] git config failed: Failed to execute git
2026-07-02 16:54:24.206 [info] > git config --get commit.template [14ms]
2026-07-02 16:54:24.239 [info] > git reflog main --grep-reflog=branch: Created from *. [34ms]
2026-07-02 16:54:24.250 [info] > git symbolic-ref --short refs/remotes/origin/HEAD [7ms]
2026-07-02 16:54:24.250 [info] fatal: ref refs/remotes/origin/HEAD is not a symbolic ref
2026-07-02 16:54:24.250 [warning] [Repository][getDefaultBranch] Failed to get default branch details: Failed to execute git.
2026-07-02 16:54:24.257 [info] > git for-each-ref --format=%(refname)%00%(upstream:short)%00%(objectname)%00%(upstream:track)%00%(upstream:remotename)%00%(upstream:remoteref) refs/heads/main refs/remotes/main [19ms]
2026-07-02 16:54:24.260 [info] > git merge-base refs/heads/main refs/remotes/origin/main [3ms]
2026-07-02 16:54:24.267 [info] > git diff --name-status -z --diff-filter=ADMR d56e0651cc14d67ed96861015ef50b9084a68891...refs/remotes/origin/main [2ms]
2026-07-02 16:54:24.279 [info] > git status -z -uall [7ms]
2026-07-02 16:54:24.280 [info] > git for-each-ref --sort -committerdate --format %(refname)%00%(objectname)%00%(*objectname) [2ms]
2026-07-02 16:54:24.463 [info] > git show --textconv :Code - OSS/Themes/monochrome_theme/monochrome_theme.json [7ms]
2026-07-02 16:54:24.469 [info] > git ls-files --stage -- Code - OSS/Themes/monochrome_theme/monochrome_theme.json [7ms]
2026-07-02 16:54:24.475 [info] > git hash-object -t tree /dev/null [7ms]
2026-07-02 16:54:24.475 [warning] [GitFileSystemProvider][readFile] File not found - git:/home/lexy/.config/Code%20-%20OSS/Themes/monochrome_theme/monochrome_theme.json.git?%7B%22path%22%3A%22%2Fhome%2Flexy%2F.config%2FCode%20-%20OSS%2FThemes%2Fmonochrome_theme%2Fmonochrome_theme.json%22%2C%22ref%22%3A%22%22%7D
2026-07-02 16:54:24.477 [info] > git hash-object -t tree /dev/null [3ms]
2026-07-02 16:54:24.477 [warning] [GitFileSystemProvider][stat] File not found - git:/home/lexy/.config/Code%20-%20OSS/Themes/monochrome_theme/monochrome_theme.json.git?%7B%22path%22%3A%22%2Fhome%2Flexy%2F.config%2FCode%20-%20OSS%2FThemes%2Fmonochrome_theme%2Fmonochrome_theme.json%22%2C%22ref%22%3A%22%22%7D
2026-07-02 16:54:24.488 [info] > git blame --root --incremental 6c9b2d9a57cd16cb9c7466c071730b9503ef2184 -- Code - OSS/Themes/monochrome_theme/monochrome_theme.json [1ms]
2026-07-02 16:54:24.488 [info] fatal: no such path Code - OSS/Themes/monochrome_theme/monochrome_theme.json in 6c9b2d9a57cd16cb9c7466c071730b9503ef2184
2026-07-02 16:54:24.655 [info] > git check-ignore -v -z --stdin [1ms]
2026-07-02 16:54:26.883 [info] > git config --get commit.template [5ms]
2026-07-02 16:54:26.884 [info] > git for-each-ref --format=%(refname)%00%(upstream:short)%00%(objectname)%00%(upstream:track)%00%(upstream:remotename)%00%(upstream:remoteref) refs/heads/main refs/remotes/main [2ms]
2026-07-02 16:54:26.892 [info] > git status -z -uall [4ms]
2026-07-02 16:54:26.893 [info] > git for-each-ref --sort -committerdate --format %(refname)%00%(objectname)%00%(*objectname) [1ms]
2026-07-02 16:54:31.906 [info] > git config --get commit.template [4ms]
2026-07-02 16:54:31.907 [info] > git for-each-ref --format=%(refname)%00%(upstream:short)%00%(objectname)%00%(upstream:track)%00%(upstream:remotename)%00%(upstream:remoteref) refs/heads/main refs/remotes/main [2ms]
2026-07-02 16:54:31.919 [info] > git status -z -uall [6ms]
2026-07-02 16:54:31.920 [info] > git for-each-ref --sort -committerdate --format %(refname)%00%(objectname)%00%(*objectname) [1ms]
2026-07-02 16:54:37.037 [info] > git config --get commit.template [5ms]
2026-07-02 16:54:37.039 [info] > git for-each-ref --format=%(refname)%00%(upstream:short)%00%(objectname)%00%(upstream:track)%00%(upstream:remotename)%00%(upstream:remoteref) refs/heads/main refs/remotes/main [1ms]
2026-07-02 16:54:37.053 [info] > git status -z -uall [6ms]
2026-07-02 16:54:37.055 [info] > git for-each-ref --sort -committerdate --format %(refname)%00%(objectname)%00%(*objectname) [2ms]
2026-07-02 16:54:42.071 [info] > git config --get commit.template [6ms]
2026-07-02 16:54:42.072 [info] > git for-each-ref --format=%(refname)%00%(upstream:short)%00%(objectname)%00%(upstream:track)%00%(upstream:remotename)%00%(upstream:remoteref) refs/heads/main refs/remotes/main [1ms]
2026-07-02 16:54:42.099 [info] > git status -z -uall [6ms]
2026-07-02 16:54:42.101 [info] > git for-each-ref --sort -committerdate --format %(refname)%00%(objectname)%00%(*objectname) [2ms]
