2026-07-02 16:43:46.799 [info] [main] Log level: Info
2026-07-02 16:43:46.799 [info] [main] Validating found git in: "git"
2026-07-02 16:43:46.799 [info] [main] Using git "2.54.0" from "git"
2026-07-02 16:43:46.799 [info] [Model][doInitialScan] Initial repository scan started
2026-07-02 16:43:46.799 [info] > git rev-parse --show-toplevel [159ms]
2026-07-02 16:43:46.799 [info] > git rev-parse --git-dir --git-common-dir [7ms]
2026-07-02 16:43:46.799 [info] [Model][openRepository] Opened repository (path): /home/lexy/.config
2026-07-02 16:43:46.799 [info] [Model][openRepository] Opened repository (real path): /home/lexy/.config
2026-07-02 16:43:46.799 [info] [Model][doInitialScan] Initial repository scan completed - repositories (1), closed repositories (0), parent repositories (0), unsafe repositories (0)
2026-07-02 16:43:46.800 [info] > git config --get commit.template [35ms]
2026-07-02 16:43:46.813 [info] > git for-each-ref --format=%(refname)%00%(upstream:short)%00%(objectname)%00%(upstream:track)%00%(upstream:remotename)%00%(upstream:remoteref) refs/heads/main refs/remotes/main [2ms]
2026-07-02 16:43:46.832 [info] > git status -z -uall [9ms]
2026-07-02 16:43:46.833 [info] > git for-each-ref --sort -committerdate --format %(refname)%00%(objectname)%00%(*objectname) [3ms]
2026-07-02 16:43:46.882 [info] > git for-each-ref --format=%(refname)%00%(upstream:short)%00%(objectname)%00%(upstream:track)%00%(upstream:remotename)%00%(upstream:remoteref) refs/heads/main refs/remotes/main [12ms]
2026-07-02 16:43:46.893 [info] > git config --get --local branch.main.vscode-merge-base [3ms]
2026-07-02 16:43:46.893 [warning] [Git][config] git config failed: Failed to execute git
2026-07-02 16:43:46.898 [info] > git config --get commit.template [16ms]
2026-07-02 16:43:46.943 [info] > git reflog main --grep-reflog=branch: Created from *. [45ms]
2026-07-02 16:43:46.951 [info] > git symbolic-ref --short refs/remotes/origin/HEAD [2ms]
2026-07-02 16:43:46.951 [info] fatal: ref refs/remotes/origin/HEAD is not a symbolic ref
2026-07-02 16:43:46.951 [warning] [Repository][getDefaultBranch] Failed to get default branch details: Failed to execute git.
2026-07-02 16:43:46.957 [info] > git for-each-ref --format=%(refname)%00%(upstream:short)%00%(objectname)%00%(upstream:track)%00%(upstream:remotename)%00%(upstream:remoteref) refs/heads/main refs/remotes/main [15ms]
2026-07-02 16:43:46.969 [info] > git status -z -uall [6ms]
2026-07-02 16:43:46.970 [info] > git merge-base refs/heads/main refs/remotes/origin/main [13ms]
2026-07-02 16:43:46.979 [info] > git diff --name-status -z --diff-filter=ADMR d56e0651cc14d67ed96861015ef50b9084a68891...refs/remotes/origin/main [3ms]
2026-07-02 16:43:46.979 [info] > git for-each-ref --sort -committerdate --format %(refname)%00%(objectname)%00%(*objectname) [11ms]
2026-07-02 16:43:47.094 [info] > git show --textconv :Code - OSS/Themes/README.txt [6ms]
2026-07-02 16:43:47.099 [info] > git ls-files --stage -- Code - OSS/Themes/README.txt [6ms]
2026-07-02 16:43:47.105 [info] > git hash-object -t tree /dev/null [6ms]
2026-07-02 16:43:47.105 [warning] [GitFileSystemProvider][readFile] File not found - git:/home/lexy/.config/Code%20-%20OSS/Themes/README.txt.git?%7B%22path%22%3A%22%2Fhome%2Flexy%2F.config%2FCode%20-%20OSS%2FThemes%2FREADME.txt%22%2C%22ref%22%3A%22%22%7D
2026-07-02 16:43:47.108 [info] > git hash-object -t tree /dev/null [4ms]
2026-07-02 16:43:47.108 [warning] [GitFileSystemProvider][stat] File not found - git:/home/lexy/.config/Code%20-%20OSS/Themes/README.txt.git?%7B%22path%22%3A%22%2Fhome%2Flexy%2F.config%2FCode%20-%20OSS%2FThemes%2FREADME.txt%22%2C%22ref%22%3A%22%22%7D
2026-07-02 16:43:47.119 [info] > git blame --root --incremental 6c9b2d9a57cd16cb9c7466c071730b9503ef2184 -- Code - OSS/Themes/README.txt [1ms]
2026-07-02 16:43:47.119 [info] fatal: no such path Code - OSS/Themes/README.txt in 6c9b2d9a57cd16cb9c7466c071730b9503ef2184
2026-07-02 16:43:47.318 [info] > git check-ignore -v -z --stdin [4ms]
2026-07-02 16:43:49.857 [info] > git config --get commit.template [5ms]
2026-07-02 16:43:49.857 [info] > git for-each-ref --format=%(refname)%00%(upstream:short)%00%(objectname)%00%(upstream:track)%00%(upstream:remotename)%00%(upstream:remoteref) refs/heads/main refs/remotes/main [1ms]
2026-07-02 16:43:49.866 [info] > git status -z -uall [5ms]
2026-07-02 16:43:49.866 [info] > git for-each-ref --sort -committerdate --format %(refname)%00%(objectname)%00%(*objectname) [1ms]
2026-07-02 16:43:54.878 [info] > git config --get commit.template [4ms]
2026-07-02 16:43:54.879 [info] > git for-each-ref --format=%(refname)%00%(upstream:short)%00%(objectname)%00%(upstream:track)%00%(upstream:remotename)%00%(upstream:remoteref) refs/heads/main refs/remotes/main [1ms]
2026-07-02 16:43:54.891 [info] > git status -z -uall [7ms]
2026-07-02 16:43:54.892 [info] > git for-each-ref --sort -committerdate --format %(refname)%00%(objectname)%00%(*objectname) [2ms]
2026-07-02 16:43:59.928 [info] > git config --get commit.template [15ms]
2026-07-02 16:43:59.931 [info] > git for-each-ref --format=%(refname)%00%(upstream:short)%00%(objectname)%00%(upstream:track)%00%(upstream:remotename)%00%(upstream:remoteref) refs/heads/main refs/remotes/main [5ms]
2026-07-02 16:43:59.963 [info] > git status -z -uall [17ms]
2026-07-02 16:43:59.965 [info] > git for-each-ref --sort -committerdate --format %(refname)%00%(objectname)%00%(*objectname) [4ms]
2026-07-02 16:44:14.406 [info] > git config --get commit.template [8ms]
2026-07-02 16:44:14.407 [info] > git for-each-ref --format=%(refname)%00%(upstream:short)%00%(objectname)%00%(upstream:track)%00%(upstream:remotename)%00%(upstream:remoteref) refs/heads/main refs/remotes/main [2ms]
2026-07-02 16:44:14.420 [info] > git status -z -uall [6ms]
2026-07-02 16:44:14.421 [info] > git for-each-ref --sort -committerdate --format %(refname)%00%(objectname)%00%(*objectname) [2ms]
2026-07-02 16:44:19.556 [info] > git config --get commit.template [11ms]
2026-07-02 16:44:19.557 [info] > git for-each-ref --format=%(refname)%00%(upstream:short)%00%(objectname)%00%(upstream:track)%00%(upstream:remotename)%00%(upstream:remoteref) refs/heads/main refs/remotes/main [2ms]
2026-07-02 16:44:19.577 [info] > git status -z -uall [10ms]
2026-07-02 16:44:19.578 [info] > git for-each-ref --sort -committerdate --format %(refname)%00%(objectname)%00%(*objectname) [2ms]
2026-07-02 16:44:24.616 [info] > git config --get commit.template [17ms]
2026-07-02 16:44:24.620 [info] > git for-each-ref --format=%(refname)%00%(upstream:short)%00%(objectname)%00%(upstream:track)%00%(upstream:remotename)%00%(upstream:remoteref) refs/heads/main refs/remotes/main [4ms]
2026-07-02 16:44:24.653 [info] > git status -z -uall [16ms]
2026-07-02 16:44:24.655 [info] > git for-each-ref --sort -committerdate --format %(refname)%00%(objectname)%00%(*objectname) [3ms]
2026-07-02 16:44:29.666 [info] > git config --get commit.template [1ms]
2026-07-02 16:44:29.671 [info] > git for-each-ref --format=%(refname)%00%(upstream:short)%00%(objectname)%00%(upstream:track)%00%(upstream:remotename)%00%(upstream:remoteref) refs/heads/main refs/remotes/main [2ms]
2026-07-02 16:44:29.681 [info] > git status -z -uall [5ms]
2026-07-02 16:44:29.682 [info] > git for-each-ref --sort -committerdate --format %(refname)%00%(objectname)%00%(*objectname) [2ms]
2026-07-02 16:44:37.292 [info] > git show --textconv :Code - OSS/Themes/package.json [6ms]
2026-07-02 16:44:37.293 [warning] [GitFileSystemProvider][readFile] File not found - git:/home/lexy/.config/Code%20-%20OSS/Themes/package.json.git?%7B%22path%22%3A%22%2Fhome%2Flexy%2F.config%2FCode%20-%20OSS%2FThemes%2Fpackage.json%22%2C%22ref%22%3A%22%22%7D
2026-07-02 16:44:37.294 [info] > git ls-files --stage -- Code - OSS/Themes/package.json [2ms]
2026-07-02 16:44:37.295 [warning] [GitFileSystemProvider][stat] File not found - git:/home/lexy/.config/Code%20-%20OSS/Themes/package.json.git?%7B%22path%22%3A%22%2Fhome%2Flexy%2F.config%2FCode%20-%20OSS%2FThemes%2Fpackage.json%22%2C%22ref%22%3A%22%22%7D
2026-07-02 16:44:37.314 [info] > git blame --root --incremental 6c9b2d9a57cd16cb9c7466c071730b9503ef2184 -- Code - OSS/Themes/package.json [1ms]
2026-07-02 16:44:37.314 [info] fatal: no such path Code - OSS/Themes/package.json in 6c9b2d9a57cd16cb9c7466c071730b9503ef2184
2026-07-02 16:44:38.302 [info] > git show --textconv :sway/config.d/appearance.conf [12ms]
2026-07-02 16:44:38.303 [info] > git ls-files --stage -- sway/config.d/appearance.conf [5ms]
2026-07-02 16:44:38.311 [info] > git cat-file -s 763c55d8361ba2364d8f6eb7dc3453cffcd3d344 [2ms]
2026-07-02 16:44:38.335 [info] > git blame --root --incremental 6c9b2d9a57cd16cb9c7466c071730b9503ef2184 -- sway/config.d/appearance.conf [2ms]
2026-07-02 16:44:38.588 [info] > git check-ignore -v -z --stdin [15ms]
2026-07-02 16:44:39.568 [info] > git config --get commit.template [3ms]
2026-07-02 16:44:39.576 [info] > git for-each-ref --format=%(refname)%00%(upstream:short)%00%(objectname)%00%(upstream:track)%00%(upstream:remotename)%00%(upstream:remoteref) refs/heads/main refs/remotes/main [3ms]
2026-07-02 16:44:39.602 [info] > git status -z -uall [14ms]
2026-07-02 16:44:39.604 [info] > git for-each-ref --sort -committerdate --format %(refname)%00%(objectname)%00%(*objectname) [6ms]
2026-07-02 16:44:44.646 [info] > git config --get commit.template [18ms]
2026-07-02 16:44:44.649 [info] > git for-each-ref --format=%(refname)%00%(upstream:short)%00%(objectname)%00%(upstream:track)%00%(upstream:remotename)%00%(upstream:remoteref) refs/heads/main refs/remotes/main [6ms]
2026-07-02 16:44:44.682 [info] > git status -z -uall [16ms]
2026-07-02 16:44:44.684 [info] > git for-each-ref --sort -committerdate --format %(refname)%00%(objectname)%00%(*objectname) [3ms]
2026-07-02 16:44:49.704 [info] > git config --get commit.template [6ms]
2026-07-02 16:44:49.705 [info] > git for-each-ref --format=%(refname)%00%(upstream:short)%00%(objectname)%00%(upstream:track)%00%(upstream:remotename)%00%(upstream:remoteref) refs/heads/main refs/remotes/main [2ms]
2026-07-02 16:44:49.718 [info] > git status -z -uall [7ms]
2026-07-02 16:44:49.720 [info] > git for-each-ref --sort -committerdate --format %(refname)%00%(objectname)%00%(*objectname) [2ms]
